<?xml version="1.0" encoding="UTF-8"?>
<!-- Generated by org.testng.reporters.JUnitReportReporter -->
<testsuite hostname="lisabromark-VirtualBox" name="se.nackademin.examination.examination_jacoco.ConversorTest" tests="1" failures="0" timestamp="20 Oct 2016 09:40:17 GMT" time="0.012" errors="0">
  <testcase name="testConversor" time="0.012" classname="se.nackademin.examination.examination_jacoco.ConversorTest"/>
</testsuite> <!-- se.nackademin.examination.examination_jacoco.ConversorTest -->
