<?xml version="1.0" encoding="UTF-8"?>
<!-- Generated by org.testng.reporters.JUnitReportReporter -->
<testsuite hostname="lisabromark-VirtualBox" name="se.nackademin.examination.examination_jacoco.DataAnalysisTest" tests="2" failures="0" timestamp="20 Oct 2016 09:40:17 GMT" time="0.006" errors="0">
  <testcase name="testGetResulStringHomecityAndAge" time="0.000" classname="se.nackademin.examination.examination_jacoco.DataAnalysisTest"/>
  <testcase name="testGetResultStringNamesAndAge" time="0.006" classname="se.nackademin.examination.examination_jacoco.DataAnalysisTest"/>
</testsuite> <!-- se.nackademin.examination.examination_jacoco.DataAnalysisTest -->
