<?xml version="1.0" encoding="UTF-8"?>
<!-- Generated by org.testng.reporters.JUnitReportReporter -->
<testsuite hostname="lisabromark-VirtualBox" name="se.nackademin.examination.examination_jacoco.ResultsFromInputsTest" tests="1" failures="0" timestamp="20 Oct 2016 09:40:17 GMT" time="0.001" errors="0">
  <testcase name="testAgeGettersAndSettersMethods" time="0.001" classname="se.nackademin.examination.examination_jacoco.ResultsFromInputsTest"/>
</testsuite> <!-- se.nackademin.examination.examination_jacoco.ResultsFromInputsTest -->
